<?xml version="1.0" encoding="utf-8"?>
<test-run id="2" name="UnitTests.exe" fullname="C:/Users/left4/source/repos/SeleniumNUnitMailingTest/SeleniumNUnitMailingTest/UnitTests/bin/Debug/UnitTests.exe" testcasecount="4" result="Passed" start-time="2021-08-16T14:04:05.6423972Z" end-time="2021-08-16T14:05:01.0825216Z" duration="55.440236" total="4" passed="4" failed="0" inconclusive="0" skipped="0" warnings="0" asserts="2" random-seed="1505486821">
  <command-line><![CDATA["C:\Users\left4\source\repos\SeleniumNUnitMailingTest\SeleniumNUnitMailingTest\UnitTests\bin\Debug\UnitTests.exe" C:\Configuration.xml]]></command-line>
  <filter>
    <or>
      <test>UnitTests.Tests.ChromeTests.SendMessageTest</test>
      <test>UnitTests.Tests.ChromeTests.ReceiveMessageTest</test>
      <test>UnitTests.Tests.FirefoxTests.SendMessageTest</test>
      <test>UnitTests.Tests.FirefoxTests.ReceiveMessageTest</test>
    </or>
  </filter>
  <test-suite type="Assembly" id="1006" name="UnitTests.exe" fullname="C:/Users/left4/source/repos/SeleniumNUnitMailingTest/SeleniumNUnitMailingTest/UnitTests/bin/Debug/UnitTests.exe" runstate="Runnable" testcasecount="4" result="Passed" start-time="2021-08-16T14:04:05.6423972Z" end-time="2021-08-16T14:05:01.0825216Z" duration="55.440236" total="4" passed="4" failed="0" warnings="0" inconclusive="0" skipped="0" asserts="2">
    <environment framework-version="3.13.2.0" clr-version="4.0.30319.42000" os-version="Microsoft Windows NT 10.0.19042" platform="Win32NT" cwd="C:\Users\left4\source\repos\SeleniumNUnitMailingTest\SeleniumNUnitMailingTest\UnitTests\bin\Debug" machine-name="DESKTOP-3DJMP5K" user="left4" user-domain="DESKTOP-3DJMP5K" culture="ru-RU" uiculture="ru-RU" os-architecture="x86" />
    <settings>
      <setting name="LOAD" value="System.Collections.Generic.List`1[System.String]" />
      <setting name="WorkDirectory" value="C:\Users\left4\source\repos\SeleniumNUnitMailingTest\SeleniumNUnitMailingTest\UnitTests\bin\Debug" />
      <setting name="NumberOfTestWorkers" value="4" />
    </settings>
    <properties>
      <property name="_PID" value="4872" />
      <property name="_APPDOMAIN" value="UnitTests.exe" />
    </properties>
    <test-suite type="TestSuite" id="1007" name="UnitTests" fullname="UnitTests" runstate="Runnable" testcasecount="4" result="Passed" start-time="2021-08-16T14:04:05.6493899Z" end-time="2021-08-16T14:05:01.0825216Z" duration="55.433749" total="4" passed="4" failed="0" warnings="0" inconclusive="0" skipped="0" asserts="2">
      <test-suite type="TestSuite" id="1008" name="Tests" fullname="UnitTests.Tests" runstate="Runnable" testcasecount="4" result="Passed" start-time="2021-08-16T14:04:05.6493899Z" end-time="2021-08-16T14:05:01.0825216Z" duration="55.433297" total="4" passed="4" failed="0" warnings="0" inconclusive="0" skipped="0" asserts="2">
        <test-suite type="TestFixture" id="1000" name="ChromeTests" fullname="UnitTests.Tests.ChromeTests" classname="UnitTests.Tests.ChromeTests" runstate="Runnable" testcasecount="2" result="Passed" start-time="2021-08-16T14:04:05.6503891Z" end-time="2021-08-16T14:04:25.8930723Z" duration="20.242424" total="2" passed="2" failed="0" warnings="0" inconclusive="0" skipped="0" asserts="1">
          <test-case id="1001" name="SendMessageTest" fullname="UnitTests.Tests.ChromeTests.SendMessageTest" methodname="SendMessageTest" classname="UnitTests.Tests.ChromeTests" runstate="Runnable" seed="228744268" result="Passed" start-time="2021-08-16T14:04:05.6543847Z" end-time="2021-08-16T14:04:16.1312176Z" duration="10.476468" asserts="0">
            <properties>
              <property name="Order" value="0" />
            </properties>
          </test-case>
          <test-case id="1002" name="ReceiveMessageTest" fullname="UnitTests.Tests.ChromeTests.ReceiveMessageTest" methodname="ReceiveMessageTest" classname="UnitTests.Tests.ChromeTests" runstate="Runnable" seed="1467632186" result="Passed" start-time="2021-08-16T14:04:16.1332158Z" end-time="2021-08-16T14:04:25.8910737Z" duration="9.758218" asserts="1">
            <properties>
              <property name="Order" value="1" />
            </properties>
          </test-case>
        </test-suite>
        <test-suite type="TestFixture" id="1003" name="FirefoxTests" fullname="UnitTests.Tests.FirefoxTests" classname="UnitTests.Tests.FirefoxTests" runstate="Runnable" testcasecount="2" result="Passed" start-time="2021-08-16T14:04:25.8950692Z" end-time="2021-08-16T14:05:01.0825216Z" duration="35.187749" total="2" passed="2" failed="0" warnings="0" inconclusive="0" skipped="0" asserts="1">
          <test-case id="1004" name="SendMessageTest" fullname="UnitTests.Tests.FirefoxTests.SendMessageTest" methodname="SendMessageTest" classname="UnitTests.Tests.FirefoxTests" runstate="Runnable" seed="457539893" result="Passed" start-time="2021-08-16T14:04:25.8950692Z" end-time="2021-08-16T14:04:44.6156942Z" duration="18.720545" asserts="0">
            <properties>
              <property name="Order" value="2" />
            </properties>
          </test-case>
          <test-case id="1005" name="ReceiveMessageTest" fullname="UnitTests.Tests.FirefoxTests.ReceiveMessageTest" methodname="ReceiveMessageTest" classname="UnitTests.Tests.FirefoxTests" runstate="Runnable" seed="2049373253" result="Passed" start-time="2021-08-16T14:04:44.6156942Z" end-time="2021-08-16T14:05:01.0825216Z" duration="16.466742" asserts="1">
            <properties>
              <property name="Order" value="3" />
            </properties>
          </test-case>
        </test-suite>
      </test-suite>
    </test-suite>
  </test-suite>
</test-run>